0 verbose cli C:\Program Files\nodejs\node.exe C:\Program Files\nodejs\node_modules\npm\bin\npm-cli.js
1 info using npm@8.19.3
2 info using node@v16.19.0
3 timing npm:load:whichnode Completed in 0ms
4 timing config:load:defaults Completed in 1ms
5 timing config:load:file:C:\Program Files\nodejs\node_modules\npm\npmrc Completed in 2ms
6 timing config:load:builtin Completed in 2ms
7 timing config:load:cli Completed in 1ms
8 timing config:load:env Completed in 0ms
9 timing config:load:file:D:\back-end-sistem\.npmrc Completed in 1ms
10 timing config:load:project Completed in 2ms
11 timing config:load:file:C:\Users\Command Center 3\.npmrc Completed in 0ms
12 timing config:load:user Completed in 0ms
13 timing config:load:file:C:\Users\Command Center 3\AppData\Roaming\npm\etc\npmrc Completed in 1ms
14 timing config:load:global Completed in 1ms
15 timing config:load:validate Completed in 0ms
16 timing config:load:credentials Completed in 1ms
17 timing config:load:setEnvs Completed in 1ms
18 timing config:load Completed in 9ms
19 timing npm:load:configload Completed in 9ms
20 timing npm:load:mkdirpcache Completed in 0ms
21 timing npm:load:mkdirplogs Completed in 1ms
22 verbose title npm install
23 verbose argv "install"
24 timing npm:load:setTitle Completed in 0ms
25 timing config:load:flatten Completed in 2ms
26 timing npm:load:display Completed in 4ms
27 verbose logfile logs-max:10 dir:D:\back-end-sistem\_logs
28 verbose logfile D:\back-end-sistem\_logs\2023-04-06T03_38_07_852Z-debug-0.log
29 timing npm:load:logFile Completed in 4ms
30 timing npm:load:timers Completed in 0ms
31 timing npm:load:configScope Completed in 0ms
32 timing npm:load Completed in 19ms
33 timing arborist:ctor Completed in 1ms
34 silly logfile done cleaning log files
35 timing idealTree:init Completed in 33ms
36 timing idealTree:userRequests Completed in 0ms
37 silly idealTree buildDeps
38 timing idealTree:#root Completed in 1ms
39 timing idealTree:buildDeps Completed in 1ms
40 timing idealTree:fixDepFlags Completed in 0ms
41 timing idealTree Completed in 36ms
42 verbose shrinkwrap failed to load node_modules/.package-lock.json out of date, updated: node_modules
43 timing reify:loadTrees Completed in 65ms
44 timing reify:diffTrees Completed in 3ms
45 silly reify moves {}
46 timing reify:retireShallow Completed in 1ms
47 timing reify:createSparse Completed in 0ms
48 timing reify:loadBundles Completed in 0ms
49 silly audit bulk request {
49 silly audit   '@hapi/accept': [ '6.0.1' ],
49 silly audit   '@hapi/ammo': [ '6.0.1' ],
49 silly audit   '@hapi/b64': [ '6.0.1' ],
49 silly audit   '@hapi/boom': [ '10.0.1' ],
49 silly audit   '@hapi/bounce': [ '3.0.1' ],
49 silly audit   '@hapi/bourne': [ '3.0.0' ],
49 silly audit   '@hapi/call': [ '9.0.1' ],
49 silly audit   '@hapi/catbox': [ '12.1.1' ],
49 silly audit   '@hapi/catbox-memory': [ '6.0.1' ],
49 silly audit   '@hapi/content': [ '6.0.0' ],
49 silly audit   '@hapi/cryptiles': [ '6.0.1' ],
49 silly audit   '@hapi/file': [ '3.0.0' ],
49 silly audit   '@hapi/hapi': [ '21.3.1' ],
49 silly audit   '@hapi/heavy': [ '8.0.1' ],
49 silly audit   '@hapi/hoek': [ '11.0.2' ],
49 silly audit   '@hapi/iron': [ '7.0.1' ],
49 silly audit   '@hapi/mimos': [ '7.0.1' ],
49 silly audit   '@hapi/nigel': [ '5.0.1' ],
49 silly audit   '@hapi/pez': [ '6.1.0' ],
49 silly audit   '@hapi/podium': [ '5.0.1' ],
49 silly audit   '@hapi/shot': [ '6.0.1' ],
49 silly audit   '@hapi/somever': [ '4.1.1' ],
49 silly audit   '@hapi/statehood': [ '8.0.1' ],
49 silly audit   '@hapi/subtext': [ '8.1.0' ],
49 silly audit   '@hapi/teamwork': [ '6.0.0' ],
49 silly audit   '@hapi/topo': [ '6.0.2' ],
49 silly audit   '@hapi/validate': [ '2.0.1' ],
49 silly audit   '@hapi/vise': [ '5.0.1' ],
49 silly audit   '@hapi/wreck': [ '18.0.1' ],
49 silly audit   'mime-db': [ '1.52.0' ]
49 silly audit }
50 timing reify:unpack Completed in 0ms
51 timing reify:unretire Completed in 0ms
52 timing build:queue Completed in 0ms
53 timing build:deps Completed in 0ms
54 timing build Completed in 0ms
55 timing reify:build Completed in 0ms
56 timing reify:trash Completed in 0ms
57 timing reify:save Completed in 11ms
58 http fetch GET 200 https://registry.npmjs.org/npm 353ms (cache miss)
59 http fetch POST 200 https://registry.npmjs.org/-/npm/v1/security/advisories/bulk 327ms
60 timing auditReport:getReport Completed in 329ms
61 silly audit report {}
62 timing auditReport:init Completed in 0ms
63 timing reify:audit Completed in 330ms
64 timing reify Completed in 435ms
65 timing command:install Completed in 442ms
66 notice
66 notice New [31mmajor[39m version of npm available! [31m8.19.3[39m -> [32m9.6.4[39m
66 notice Changelog: [36mhttps://github.com/npm/cli/releases/tag/v9.6.4[39m
66 notice Run [32mnpm install -g npm@9.6.4[39m to update!
66 notice
67 verbose exit 0
68 timing npm Completed in 612ms
69 info ok
